2022-12-04 00:00:15 INFO  PageTest:26 - running main page test
2022-12-04 00:00:17 INFO  PageTest:30 - running get /users api
2022-12-04 00:00:17 INFO  AspectLogger:19 - getUsers called...
2022-12-04 00:07:14 INFO  AspectLogger:19 - getUsers called...
2022-12-04 00:07:14 INFO  AspectLogger:19 - isAuthorized called...
2022-12-04 00:07:14 INFO  AspectLogger:19 - getUser called...
2022-12-04 00:07:14 INFO  AspectLogger:27 - getAllRoomsForAdmin called...
2022-12-04 00:07:14 INFO  AspectLogger:35 - getAllByRoomBookingDateLessThan called...
2022-12-04 00:07:18 INFO  AspectLogger:19 - getUsers called...
2022-12-04 00:08:04 INFO  AspectLogger:19 - loginUser called...
2022-12-04 00:08:04 INFO  AspectLogger:19 - getUsers called...
2022-12-04 00:08:04 INFO  AspectLogger:19 - isAuthorized called...
2022-12-04 00:08:04 INFO  AspectLogger:19 - getUser called...
2022-12-04 00:08:04 INFO  AspectLogger:27 - getAllRoomsForAdmin called...
2022-12-04 00:08:04 INFO  AspectLogger:35 - getAllByRoomBookingDateLessThan called...
2022-12-04 00:08:35 INFO  AspectLogger:27 - adminGetRoomByName called...
2022-12-04 00:08:39 INFO  AspectLogger:27 - isRoomExistByName called...
2022-12-04 00:08:39 INFO  AspectLogger:19 - isAuthorized called...
2022-12-04 00:08:39 INFO  AspectLogger:27 - adminGetRoomByName called...
2022-12-04 00:08:39 INFO  AspectLogger:35 - isUserBookingExistByRoomId called...
2022-12-04 00:08:39 INFO  AspectLogger:27 - deleteRoomByNameA called...
2022-12-04 00:08:39 INFO  AspectLogger:27 - getAllRoomsForAdmin called...
2022-12-04 00:08:42 INFO  AspectLogger:27 - adminGetRoomByName called...
2022-12-04 00:08:43 INFO  AspectLogger:27 - isRoomExistByName called...
2022-12-04 00:08:43 INFO  AspectLogger:19 - isAuthorized called...
2022-12-04 00:08:43 INFO  AspectLogger:27 - adminGetRoomByName called...
2022-12-04 00:08:43 INFO  AspectLogger:35 - isUserBookingExistByRoomId called...
2022-12-04 00:08:43 INFO  AspectLogger:27 - deleteRoomByNameA called...
2022-12-04 00:08:43 INFO  AspectLogger:27 - getAllRoomsForAdmin called...
2022-12-04 00:08:44 INFO  AspectLogger:27 - adminGetRoomByName called...
2022-12-04 00:08:44 INFO  AspectLogger:27 - isRoomExistByName called...
2022-12-04 00:08:44 INFO  AspectLogger:19 - isAuthorized called...
2022-12-04 00:08:44 INFO  AspectLogger:27 - adminGetRoomByName called...
2022-12-04 00:08:44 INFO  AspectLogger:35 - isUserBookingExistByRoomId called...
2022-12-04 00:08:44 INFO  AspectLogger:27 - deleteRoomByNameA called...
2022-12-04 00:08:45 INFO  AspectLogger:27 - getAllRoomsForAdmin called...
2022-12-04 00:08:45 INFO  AspectLogger:27 - adminGetRoomByName called...
2022-12-04 00:08:46 INFO  AspectLogger:27 - isRoomExistByName called...
2022-12-04 00:08:46 INFO  AspectLogger:19 - isAuthorized called...
2022-12-04 00:08:46 INFO  AspectLogger:27 - adminGetRoomByName called...
2022-12-04 00:08:46 INFO  AspectLogger:35 - isUserBookingExistByRoomId called...
2022-12-04 00:08:55 INFO  AspectLogger:19 - getUsers called...
2022-12-04 00:09:04 INFO  AspectLogger:19 - loginUser called...
2022-12-04 00:09:04 INFO  AspectLogger:19 - getUsers called...
2022-12-04 00:09:05 INFO  AspectLogger:19 - isAuthorized called...
2022-12-04 00:09:05 INFO  AspectLogger:19 - getUser called...
2022-12-04 00:09:05 INFO  AspectLogger:27 - getAllRoomsForUser called...
2022-12-04 00:09:05 INFO  AspectLogger:19 - getUser called...
2022-12-04 00:09:05 INFO  AspectLogger:35 - getAllByUserId called...
2022-12-04 00:09:06 INFO  AspectLogger:27 - deleteRoomByNameU called...
2022-12-04 00:09:06 INFO  AspectLogger:19 - getUser called...
2022-12-04 00:09:06 INFO  AspectLogger:35 - getAllByUserId called...
2022-12-04 00:09:08 INFO  AspectLogger:19 - getUsers called...
2022-12-04 00:09:23 INFO  AspectLogger:19 - loginUser called...
2022-12-04 00:09:23 INFO  AspectLogger:19 - getUsers called...
2022-12-04 00:09:23 INFO  AspectLogger:19 - isAuthorized called...
2022-12-04 00:09:23 INFO  AspectLogger:19 - getUser called...
2022-12-04 00:09:23 INFO  AspectLogger:27 - getAllRoomsForAdmin called...
2022-12-04 00:09:23 INFO  AspectLogger:35 - getAllByRoomBookingDateLessThan called...
2022-12-04 00:09:25 INFO  AspectLogger:27 - adminGetRoomByName called...
2022-12-04 00:09:30 INFO  AspectLogger:27 - isRoomExistByName called...
2022-12-04 00:09:30 INFO  AspectLogger:19 - isAuthorized called...
2022-12-04 00:09:30 INFO  AspectLogger:27 - adminGetRoomByName called...
2022-12-04 00:09:30 INFO  AspectLogger:35 - isUserBookingExistByRoomId called...
2022-12-04 00:09:33 INFO  AspectLogger:27 - isRoomExistByName called...
2022-12-04 00:09:33 INFO  AspectLogger:19 - isAuthorized called...
2022-12-04 00:09:33 INFO  AspectLogger:27 - adminGetRoomByName called...
2022-12-04 00:09:33 INFO  AspectLogger:35 - isUserBookingExistByRoomId called...
2022-12-04 00:09:36 INFO  AspectLogger:19 - getUsers called...
2022-12-04 00:09:43 INFO  AspectLogger:19 - loginUser called...
2022-12-04 00:09:43 INFO  AspectLogger:19 - getUsers called...
2022-12-04 00:09:43 INFO  AspectLogger:19 - isAuthorized called...
2022-12-04 00:09:43 INFO  AspectLogger:19 - getUser called...
2022-12-04 00:09:43 INFO  AspectLogger:27 - getAllRoomsForUser called...
2022-12-04 00:09:43 INFO  AspectLogger:19 - getUser called...
2022-12-04 00:09:44 INFO  AspectLogger:35 - getAllByUserId called...
2022-12-04 00:09:45 INFO  AspectLogger:27 - deleteRoomByNameU called...
2022-12-04 00:09:45 INFO  AspectLogger:19 - getUser called...
2022-12-04 00:09:46 INFO  AspectLogger:35 - getAllByUserId called...
2022-12-04 00:09:47 INFO  AspectLogger:19 - getUsers called...
2022-12-04 00:09:52 INFO  AspectLogger:19 - loginUser called...
2022-12-04 00:09:52 INFO  AspectLogger:19 - getUsers called...
2022-12-04 00:09:52 INFO  AspectLogger:19 - isAuthorized called...
2022-12-04 00:09:52 INFO  AspectLogger:19 - getUser called...
2022-12-04 00:09:52 INFO  AspectLogger:27 - getAllRoomsForAdmin called...
2022-12-04 00:09:52 INFO  AspectLogger:35 - getAllByRoomBookingDateLessThan called...
2022-12-04 00:09:54 INFO  AspectLogger:27 - adminGetRoomByName called...
2022-12-04 00:09:56 INFO  AspectLogger:27 - isRoomExistByName called...
2022-12-04 00:09:56 INFO  AspectLogger:19 - isAuthorized called...
2022-12-04 00:09:56 INFO  AspectLogger:27 - adminGetRoomByName called...
2022-12-04 00:09:56 INFO  AspectLogger:35 - isUserBookingExistByRoomId called...
2022-12-04 00:09:59 INFO  AspectLogger:27 - isRoomExistByName called...
2022-12-04 00:09:59 INFO  AspectLogger:19 - isAuthorized called...
2022-12-04 00:09:59 INFO  AspectLogger:27 - adminGetRoomByName called...
2022-12-04 00:09:59 INFO  AspectLogger:35 - isUserBookingExistByRoomId called...
2022-12-04 00:10:09 INFO  AspectLogger:19 - getUsers called...
2022-12-04 00:10:16 INFO  AspectLogger:19 - loginUser called...
2022-12-04 00:10:16 INFO  AspectLogger:19 - getUsers called...
2022-12-04 00:10:16 INFO  AspectLogger:19 - isAuthorized called...
2022-12-04 00:10:16 INFO  AspectLogger:19 - getUser called...
2022-12-04 00:10:16 INFO  AspectLogger:27 - getAllRoomsForUser called...
2022-12-04 00:10:16 INFO  AspectLogger:19 - getUser called...
2022-12-04 00:10:16 INFO  AspectLogger:35 - getAllByUserId called...
2022-12-04 00:10:18 INFO  AspectLogger:27 - deleteRoomByNameU called...
2022-12-04 00:10:18 INFO  AspectLogger:19 - getUser called...
2022-12-04 00:10:18 INFO  AspectLogger:35 - getAllByUserId called...
2022-12-04 00:10:19 INFO  AspectLogger:19 - getUsers called...
2022-12-04 00:10:27 INFO  AspectLogger:19 - loginUser called...
2022-12-04 00:10:27 INFO  AspectLogger:19 - getUsers called...
2022-12-04 00:10:27 INFO  AspectLogger:19 - isAuthorized called...
2022-12-04 00:10:27 INFO  AspectLogger:19 - getUser called...
2022-12-04 00:10:27 INFO  AspectLogger:27 - getAllRoomsForAdmin called...
2022-12-04 00:10:27 INFO  AspectLogger:35 - getAllByRoomBookingDateLessThan called...
2022-12-04 00:10:41 INFO  AspectLogger:27 - adminGetRoomByName called...
2022-12-04 00:10:46 INFO  AspectLogger:27 - adminGetRoomByName called...
2022-12-04 00:10:47 INFO  AspectLogger:27 - isRoomExistByName called...
2022-12-04 00:10:47 INFO  AspectLogger:19 - isAuthorized called...
2022-12-04 00:10:47 INFO  AspectLogger:27 - adminGetRoomByName called...
2022-12-04 00:10:47 INFO  AspectLogger:35 - isUserBookingExistByRoomId called...
2022-12-04 00:10:47 INFO  AspectLogger:27 - deleteRoomByNameA called...
2022-12-04 00:10:47 INFO  AspectLogger:27 - getAllRoomsForAdmin called...
2022-12-04 00:11:46 INFO  AspectLogger:19 - getUsers called...
2022-12-04 00:11:56 INFO  AspectLogger:19 - loginUser called...
2022-12-04 00:11:59 INFO  AspectLogger:19 - getUsers called...
2022-12-04 00:12:12 INFO  AspectLogger:19 - loginUser called...
2022-12-04 00:12:12 INFO  AspectLogger:19 - getUsers called...
2022-12-04 00:12:12 INFO  AspectLogger:19 - isAuthorized called...
2022-12-04 00:12:12 INFO  AspectLogger:19 - getUser called...
2022-12-04 00:12:12 INFO  AspectLogger:27 - getAllRoomsForAdmin called...
2022-12-04 00:12:12 INFO  AspectLogger:35 - getAllByRoomBookingDateLessThan called...
2022-12-04 00:12:25 INFO  AspectLogger:19 - getUsers called...
2022-12-04 00:12:44 INFO  AspectLogger:19 - registerUser called...
2022-12-04 00:13:30 INFO  AspectLogger:19 - registerUser called...
2022-12-04 00:13:48 INFO  AspectLogger:19 - registerUser called...
2022-12-04 00:13:58 INFO  AspectLogger:19 - registerUser called...
2022-12-04 00:14:15 INFO  AspectLogger:19 - registerUser called...
2022-12-04 00:14:39 INFO  AspectLogger:19 - registerUser called...
2022-12-04 00:14:51 INFO  AspectLogger:19 - registerUser called...
2022-12-04 00:15:02 INFO  AspectLogger:19 - registerUser called...
2022-12-04 00:15:31 INFO  AspectLogger:19 - registerUser called...
2022-12-04 00:15:42 INFO  AspectLogger:19 - registerUser called...
2022-12-04 00:15:52 INFO  AspectLogger:19 - registerUser called...
2022-12-04 00:16:46 INFO  AspectLogger:19 - registerUser called...
2022-12-04 00:16:56 INFO  AspectLogger:19 - registerUser called...
2022-12-04 00:17:09 INFO  AspectLogger:19 - registerUser called...
2022-12-04 00:17:19 INFO  AspectLogger:19 - getUsers called...
2022-12-04 23:21:43 INFO  AspectLogger:19 - registerUser called...
2022-12-04 23:55:25 INFO  AspectLogger:19 - registerUser called...
2022-12-04 23:57:05 INFO  AspectLogger:19 - registerUser called...
2022-12-04 23:57:17 INFO  AspectLogger:19 - getUsers called...
2022-12-04 23:57:30 INFO  AspectLogger:19 - loginUser called...
2022-12-04 23:57:30 INFO  AspectLogger:19 - getUsers called...
2022-12-04 23:57:30 INFO  AspectLogger:19 - isAuthorized called...
2022-12-04 23:57:30 INFO  AspectLogger:19 - getUser called...
2022-12-04 23:57:30 INFO  AspectLogger:27 - getAllRoomsForUser called...
2022-12-04 23:57:30 INFO  AspectLogger:19 - getUser called...
2022-12-04 23:57:30 INFO  AspectLogger:35 - getAllByUserId called...
2022-12-04 23:57:37 INFO  AspectLogger:19 - getUsers called...
2022-12-05 00:20:18 INFO  AspectLogger:19 - registerUser called...
2022-12-05 00:25:26 INFO  AspectLogger:19 - registerUser called...
2022-12-05 00:28:16 INFO  AspectLogger:19 - registerUser called...
2022-12-05 09:39:31 INFO  AspectLogger:19 - getUsers called...
2022-12-05 09:42:20 INFO  AspectLogger:19 - registerUser called...
2022-12-05 09:49:41 INFO  AspectLogger:19 - registerUser called...
2022-12-05 10:00:09 INFO  AspectLogger:19 - registerUser called...
2022-12-05 10:03:08 INFO  AspectLogger:19 - registerUser called...
2022-12-05 10:17:27 INFO  AspectLogger:19 - registerUser called...
2022-12-05 10:21:21 INFO  AspectLogger:19 - registerUser called...
2022-12-05 10:21:43 INFO  AspectLogger:19 - registerUser called...
2022-12-05 10:24:00 INFO  AspectLogger:19 - registerUser called...
2022-12-05 10:24:06 INFO  AspectLogger:19 - registerUser called...
2022-12-05 11:38:27 INFO  AspectLogger:19 - getUsers called...
2022-12-05 11:38:49 INFO  AspectLogger:19 - registerUser called...
2022-12-05 11:41:57 INFO  AspectLogger:19 - registerUser called...
2022-12-05 11:42:06 INFO  AspectLogger:19 - registerUser called...
2022-12-05 11:43:13 INFO  AspectLogger:19 - registerUser called...
2022-12-05 11:45:57 INFO  AspectLogger:19 - registerUser called...
2022-12-05 20:24:16 INFO  AspectLogger:19 - registerUser called...
2022-12-05 20:30:43 INFO  AspectLogger:19 - registerUser called...
2022-12-05 20:34:11 INFO  AspectLogger:19 - registerUser called...
2022-12-05 20:35:22 INFO  AspectLogger:19 - registerUser called...
2022-12-05 20:36:34 INFO  AspectLogger:19 - registerUser called...
2022-12-05 20:46:10 INFO  AspectLogger:19 - registerUser called...
2022-12-05 20:49:47 INFO  AspectLogger:19 - registerUser called...
2022-12-05 21:04:25 INFO  AspectLogger:19 - registerUser called...
2022-12-08 14:03:00 INFO  PageTest:26 - running main page test
2022-12-08 14:03:00 INFO  PageTest:30 - running get /users api
2022-12-08 14:03:01 INFO  AspectLogger:19 - getUsers called...
2022-12-08 14:16:26 INFO  AspectLogger:19 - getUsers called...
2022-12-08 14:16:52 INFO  AspectLogger:19 - loginUser called...
2022-12-08 14:16:52 INFO  AspectLogger:19 - getUsers called...
2022-12-08 14:16:52 INFO  AspectLogger:19 - isAuthorized called...
2022-12-08 14:16:52 INFO  AspectLogger:19 - getUser called...
2022-12-08 14:16:53 INFO  AspectLogger:27 - getAllRoomsForAdmin called...
2022-12-08 14:16:53 INFO  AspectLogger:35 - getAllByRoomBookingDateLessThan called...
2022-12-08 14:17:24 INFO  AspectLogger:19 - loginUser called...
2022-12-08 14:17:24 INFO  AspectLogger:19 - getUsers called...
2022-12-08 14:17:24 INFO  AspectLogger:19 - isAuthorized called...
2022-12-08 14:17:24 INFO  AspectLogger:19 - getUser called...
2022-12-08 14:17:24 INFO  AspectLogger:27 - getAllRoomsForUser called...
2022-12-08 14:17:24 INFO  AspectLogger:19 - getUser called...
2022-12-08 14:17:24 INFO  AspectLogger:35 - getAllByUserId called...
2022-12-08 14:17:34 INFO  AspectLogger:19 - getUsers called...
2022-12-08 14:17:48 INFO  AspectLogger:19 - loginUser called...
2022-12-08 14:17:48 INFO  AspectLogger:19 - getUsers called...
2022-12-08 14:17:48 INFO  AspectLogger:19 - isAuthorized called...
2022-12-08 14:17:48 INFO  AspectLogger:19 - getUser called...
2022-12-08 14:17:48 INFO  AspectLogger:27 - getAllRoomsForAdmin called...
2022-12-08 14:17:48 INFO  AspectLogger:35 - getAllByRoomBookingDateLessThan called...
2022-12-08 14:18:28 INFO  AspectLogger:27 - isRoomExistByName called...
2022-12-08 14:18:28 INFO  AspectLogger:19 - isAuthorized called...
2022-12-08 14:18:28 INFO  AspectLogger:27 - createScooter called...
2022-12-08 14:18:28 INFO  AspectLogger:27 - getAllRoomsForAdmin called...
2022-12-08 14:18:46 INFO  AspectLogger:27 - isRoomExistByName called...
2022-12-08 14:18:46 INFO  AspectLogger:19 - isAuthorized called...
2022-12-08 14:18:46 INFO  AspectLogger:27 - createScooter called...
2022-12-08 14:18:46 INFO  AspectLogger:27 - getAllRoomsForAdmin called...
2022-12-08 14:19:02 INFO  AspectLogger:27 - isRoomExistByName called...
2022-12-08 14:19:02 INFO  AspectLogger:19 - isAuthorized called...
2022-12-08 14:19:02 INFO  AspectLogger:27 - createScooter called...
2022-12-08 14:19:02 INFO  AspectLogger:27 - getAllRoomsForAdmin called...
2022-12-08 14:19:13 INFO  AspectLogger:27 - isRoomExistByName called...
2022-12-08 14:19:13 INFO  AspectLogger:19 - isAuthorized called...
2022-12-08 14:19:14 INFO  AspectLogger:27 - createScooter called...
2022-12-08 14:19:14 INFO  AspectLogger:27 - getAllRoomsForAdmin called...
2022-12-08 14:19:30 INFO  AspectLogger:27 - isRoomExistByName called...
2022-12-08 14:19:30 INFO  AspectLogger:19 - isAuthorized called...
2022-12-08 14:19:30 INFO  AspectLogger:27 - createScooter called...
2022-12-08 14:19:30 INFO  AspectLogger:27 - getAllRoomsForAdmin called...
2022-12-08 14:19:43 INFO  AspectLogger:27 - isRoomExistByName called...
2022-12-08 14:19:43 INFO  AspectLogger:19 - isAuthorized called...
2022-12-08 14:19:43 INFO  AspectLogger:27 - createScooter called...
2022-12-08 14:19:43 INFO  AspectLogger:27 - getAllRoomsForAdmin called...
2022-12-08 14:19:56 INFO  AspectLogger:27 - isRoomExistByName called...
2022-12-08 14:19:56 INFO  AspectLogger:19 - isAuthorized called...
2022-12-08 14:19:56 INFO  AspectLogger:27 - createScooter called...
2022-12-08 14:19:56 INFO  AspectLogger:27 - getAllRoomsForAdmin called...
2022-12-08 14:20:04 INFO  AspectLogger:27 - isRoomExistByName called...
2022-12-08 14:20:04 INFO  AspectLogger:19 - isAuthorized called...
2022-12-08 14:20:04 INFO  AspectLogger:27 - createScooter called...
2022-12-08 14:20:04 INFO  AspectLogger:27 - getAllRoomsForAdmin called...
2022-12-08 14:20:19 INFO  AspectLogger:27 - isRoomExistByName called...
2022-12-08 14:20:19 INFO  AspectLogger:19 - isAuthorized called...
2022-12-08 14:20:19 INFO  AspectLogger:27 - createScooter called...
2022-12-08 14:20:19 INFO  AspectLogger:27 - getAllRoomsForAdmin called...
2022-12-08 14:20:34 INFO  AspectLogger:27 - isRoomExistByName called...
2022-12-08 14:20:34 INFO  AspectLogger:19 - isAuthorized called...
2022-12-08 14:20:34 INFO  AspectLogger:27 - createScooter called...
2022-12-08 14:20:34 INFO  AspectLogger:27 - getAllRoomsForAdmin called...
2022-12-08 14:20:49 INFO  AspectLogger:27 - isRoomExistByName called...
2022-12-08 14:20:49 INFO  AspectLogger:19 - isAuthorized called...
2022-12-08 14:20:49 INFO  AspectLogger:27 - createScooter called...
2022-12-08 14:20:49 INFO  AspectLogger:27 - getAllRoomsForAdmin called...
2022-12-08 14:20:53 INFO  AspectLogger:27 - adminGetRoomByName called...
2022-12-08 14:20:55 INFO  AspectLogger:27 - adminGetRoomByName called...
2022-12-08 14:20:59 INFO  AspectLogger:27 - adminGetRoomByName called...
2022-12-08 14:21:09 INFO  AspectLogger:27 - isRoomExistByName called...
2022-12-08 14:21:09 INFO  AspectLogger:19 - isAuthorized called...
2022-12-08 14:21:14 INFO  AspectLogger:27 - isRoomExistByName called...
2022-12-08 14:21:14 INFO  AspectLogger:19 - isAuthorized called...
2022-12-08 14:21:14 INFO  AspectLogger:27 - adminGetRoomByName called...
2022-12-08 14:21:14 INFO  AspectLogger:27 - updateRoom called...
2022-12-08 14:21:14 INFO  AspectLogger:27 - getAllRoomsForAdmin called...
2022-12-08 14:21:21 INFO  AspectLogger:27 - adminGetRoomByName called...
2022-12-08 14:21:24 INFO  AspectLogger:27 - adminGetRoomByName called...
2022-12-08 14:21:25 INFO  AspectLogger:27 - adminGetRoomByName called...
2022-12-08 14:21:28 INFO  AspectLogger:27 - adminGetRoomByName called...
2022-12-08 14:21:30 INFO  AspectLogger:27 - isRoomExistByName called...
2022-12-08 14:21:30 INFO  AspectLogger:19 - isAuthorized called...
2022-12-08 14:21:30 INFO  AspectLogger:27 - adminGetRoomByName called...
2022-12-08 14:21:30 INFO  AspectLogger:35 - isUserBookingExistByRoomId called...
2022-12-08 14:21:30 INFO  AspectLogger:27 - deleteRoomByNameA called...
2022-12-08 14:21:30 INFO  AspectLogger:27 - getAllRoomsForAdmin called...
2022-12-08 14:21:35 INFO  AspectLogger:19 - getUsers called...
2022-12-08 14:21:36 INFO  AspectLogger:19 - getUsers called...
2022-12-08 14:21:36 INFO  AspectLogger:19 - getUsers called...
2022-12-08 14:21:36 INFO  AspectLogger:19 - getUsers called...
2022-12-08 14:21:36 INFO  AspectLogger:19 - getUsers called...
2022-12-08 14:21:37 INFO  AspectLogger:19 - getUsers called...
2022-12-08 14:21:37 INFO  AspectLogger:19 - getUsers called...
2022-12-08 14:21:39 INFO  AspectLogger:19 - getUsers called...
2022-12-08 14:21:39 INFO  AspectLogger:19 - getUsers called...
2022-12-08 14:21:41 INFO  AspectLogger:19 - getUsers called...
2022-12-08 14:21:42 INFO  AspectLogger:19 - getUsers called...
2022-12-08 14:21:49 INFO  AspectLogger:19 - getUsers called...
2022-12-08 14:21:57 INFO  AspectLogger:19 - loginUser called...
2022-12-08 14:21:58 INFO  AspectLogger:19 - getUsers called...
2022-12-08 14:21:58 INFO  AspectLogger:19 - isAuthorized called...
2022-12-08 14:21:58 INFO  AspectLogger:19 - getUser called...
2022-12-08 14:21:58 INFO  AspectLogger:27 - getAllRoomsForUser called...
2022-12-08 14:21:58 INFO  AspectLogger:19 - getUser called...
2022-12-08 14:21:58 INFO  AspectLogger:35 - getAllByUserId called...
2022-12-08 14:22:03 INFO  AspectLogger:19 - getUser called...
2022-12-08 14:22:03 INFO  AspectLogger:27 - userGetRoomByName called...
2022-12-08 14:22:10 INFO  AspectLogger:27 - getAllRoomsForUser called...
2022-12-08 14:22:16 INFO  AspectLogger:27 - getAllRoomsForUser called...
2022-12-08 14:22:17 INFO  AspectLogger:27 - getAllRoomsForUser called...
2022-12-08 14:22:25 INFO  AspectLogger:27 - getAllRoomsForUser called...
2022-12-08 14:22:36 INFO  AspectLogger:27 - getAllRoomsForUser called...
2022-12-08 14:22:43 INFO  AspectLogger:19 - getUser called...
2022-12-08 14:22:43 INFO  AspectLogger:27 - userGetRoomByName called...
2022-12-08 14:22:53 INFO  AspectLogger:19 - getUser called...
2022-12-08 14:22:53 INFO  AspectLogger:35 - isUserBookingExistByUserId called...
2022-12-08 14:22:53 INFO  AspectLogger:19 - isAuthorized called...
2022-12-08 14:22:53 INFO  AspectLogger:35 - createUserBooking called...
2022-12-08 14:22:53 INFO  AspectLogger:19 - getUser called...
2022-12-08 14:22:53 INFO  AspectLogger:35 - getAllByUserId called...
2022-12-08 14:23:07 INFO  AspectLogger:19 - getUsers called...
2022-12-08 14:23:09 INFO  AspectLogger:19 - loginUser called...
2022-12-08 14:23:09 INFO  AspectLogger:19 - getUsers called...
2022-12-08 14:23:09 INFO  AspectLogger:19 - isAuthorized called...
2022-12-08 14:23:09 INFO  AspectLogger:19 - getUser called...
2022-12-08 14:23:09 INFO  AspectLogger:27 - getAllRoomsForAdmin called...
2022-12-08 14:23:09 INFO  AspectLogger:35 - getAllByRoomBookingDateLessThan called...
2022-12-08 14:23:18 INFO  AspectLogger:19 - getUsers called...
2022-12-08 14:23:18 INFO  AspectLogger:19 - getUsers called...
2022-12-08 14:23:19 INFO  AspectLogger:19 - getUsers called...
2022-12-08 14:23:19 INFO  AspectLogger:19 - getUsers called...
2022-12-08 14:23:21 INFO  AspectLogger:19 - getUsers called...
2022-12-08 14:23:27 INFO  AspectLogger:19 - loginUser called...
2022-12-08 14:23:27 INFO  AspectLogger:19 - getUsers called...
2022-12-08 14:23:27 INFO  AspectLogger:19 - isAuthorized called...
2022-12-08 14:23:27 INFO  AspectLogger:19 - getUser called...
2022-12-08 14:23:27 INFO  AspectLogger:27 - getAllRoomsForAdmin called...
2022-12-08 14:23:27 INFO  AspectLogger:35 - getAllByRoomBookingDateLessThan called...
2022-12-08 14:23:32 INFO  AspectLogger:19 - getUsers called...
2022-12-08 14:23:51 INFO  AspectLogger:19 - loginUser called...
2022-12-08 14:23:51 INFO  AspectLogger:19 - getUsers called...
2022-12-08 14:23:51 INFO  AspectLogger:19 - isAuthorized called...
2022-12-08 14:23:51 INFO  AspectLogger:19 - getUser called...
2022-12-08 14:23:51 INFO  AspectLogger:27 - getAllRoomsForAdmin called...
2022-12-08 14:23:51 INFO  AspectLogger:35 - getAllByRoomBookingDateLessThan called...
2022-12-08 14:24:01 INFO  AspectLogger:19 - getUsers called...
2022-12-08 14:24:10 INFO  AspectLogger:19 - loginUser called...
2022-12-08 14:24:10 INFO  AspectLogger:19 - getUsers called...
2022-12-08 14:24:10 INFO  AspectLogger:19 - isAuthorized called...
2022-12-08 14:24:10 INFO  AspectLogger:19 - getUser called...
2022-12-08 14:24:10 INFO  AspectLogger:27 - getAllRoomsForUser called...
2022-12-08 14:24:10 INFO  AspectLogger:19 - getUser called...
2022-12-08 14:24:10 INFO  AspectLogger:35 - getAllByUserId called...
2022-12-08 14:24:16 INFO  AspectLogger:19 - getUser called...
2022-12-08 14:24:16 INFO  AspectLogger:27 - userGetRoomByName called...
2022-12-08 14:24:24 INFO  AspectLogger:19 - getUser called...
2022-12-08 14:24:24 INFO  AspectLogger:27 - userGetRoomByName called...
2022-12-08 14:24:25 INFO  AspectLogger:19 - getUser called...
2022-12-08 14:24:25 INFO  AspectLogger:27 - userGetRoomByName called...
2022-12-08 14:24:30 INFO  AspectLogger:19 - getUser called...
2022-12-08 14:24:30 INFO  AspectLogger:35 - isUserBookingExistByUserId called...
2022-12-08 14:24:30 INFO  AspectLogger:19 - isAuthorized called...
2022-12-08 14:24:30 INFO  AspectLogger:35 - createUserBooking called...
2022-12-08 14:24:30 INFO  AspectLogger:19 - getUser called...
2022-12-08 14:24:30 INFO  AspectLogger:35 - getAllByUserId called...
2022-12-08 14:24:45 INFO  AspectLogger:19 - getUsers called...
2022-12-08 14:24:48 INFO  AspectLogger:19 - loginUser called...
2022-12-08 14:24:48 INFO  AspectLogger:19 - getUsers called...
2022-12-08 14:24:48 INFO  AspectLogger:19 - isAuthorized called...
2022-12-08 14:24:48 INFO  AspectLogger:19 - getUser called...
2022-12-08 14:24:48 INFO  AspectLogger:27 - getAllRoomsForAdmin called...
2022-12-08 14:24:48 INFO  AspectLogger:35 - getAllByRoomBookingDateLessThan called...
2022-12-08 14:25:45 INFO  AspectLogger:19 - getUsers called...
2022-12-08 14:25:49 INFO  AspectLogger:19 - loginUser called...
2022-12-08 14:25:49 INFO  AspectLogger:19 - getUsers called...
2022-12-08 14:25:49 INFO  AspectLogger:19 - isAuthorized called...
2022-12-08 14:25:49 INFO  AspectLogger:19 - getUser called...
2022-12-08 14:25:49 INFO  AspectLogger:27 - getAllRoomsForAdmin called...
2022-12-08 14:25:49 INFO  AspectLogger:35 - getAllByRoomBookingDateLessThan called...
2022-12-08 14:32:59 INFO  AspectLogger:19 - registerUser called...
2022-12-08 14:33:03 INFO  AspectLogger:19 - loginUser called...
2022-12-08 14:33:03 INFO  AspectLogger:19 - getUsers called...
2022-12-08 14:33:03 INFO  AspectLogger:19 - isAuthorized called...
2022-12-08 14:33:03 INFO  AspectLogger:19 - getUser called...
2022-12-08 14:33:03 INFO  AspectLogger:27 - getAllRoomsForUser called...
2022-12-08 14:33:03 INFO  AspectLogger:19 - getUser called...
2022-12-08 14:33:03 INFO  AspectLogger:35 - getAllByUserId called...
2022-12-08 14:33:07 INFO  AspectLogger:19 - getUser called...
2022-12-08 14:33:07 INFO  AspectLogger:27 - userGetRoomByName called...
2022-12-08 14:33:30 INFO  AspectLogger:19 - getUser called...
2022-12-08 14:33:30 INFO  AspectLogger:27 - userGetRoomByName called...
2022-12-08 14:33:38 INFO  AspectLogger:19 - getUser called...
2022-12-08 14:33:38 INFO  AspectLogger:35 - isUserBookingExistByUserId called...
2022-12-08 14:33:38 INFO  AspectLogger:19 - isAuthorized called...
2022-12-08 14:33:38 INFO  AspectLogger:35 - createUserBooking called...
2022-12-08 14:33:38 INFO  AspectLogger:19 - getUser called...
2022-12-08 14:33:38 INFO  AspectLogger:35 - getAllByUserId called...
2022-12-08 14:33:41 INFO  AspectLogger:27 - deleteRoomByNameU called...
2022-12-08 14:33:41 INFO  AspectLogger:19 - getUser called...
2022-12-08 14:33:41 INFO  AspectLogger:35 - getAllByUserId called...
2022-12-08 14:33:49 INFO  AspectLogger:19 - getUser called...
2022-12-08 14:33:49 INFO  AspectLogger:27 - userGetRoomByName called...
2022-12-08 14:33:57 INFO  AspectLogger:19 - getUser called...
2022-12-08 14:33:57 INFO  AspectLogger:35 - isUserBookingExistByUserId called...
2022-12-08 14:33:57 INFO  AspectLogger:19 - isAuthorized called...
2022-12-08 14:33:57 INFO  AspectLogger:35 - createUserBooking called...
2022-12-08 14:33:57 INFO  AspectLogger:19 - getUser called...
2022-12-08 14:33:57 INFO  AspectLogger:35 - getAllByUserId called...
2022-12-08 14:34:42 INFO  AspectLogger:19 - getUsers called...
2022-12-08 14:34:55 INFO  AspectLogger:19 - loginUser called...
2022-12-08 14:34:55 INFO  AspectLogger:19 - getUsers called...
2022-12-08 14:34:55 INFO  AspectLogger:19 - isAuthorized called...
2022-12-08 14:34:55 INFO  AspectLogger:19 - getUser called...
2022-12-08 14:34:55 INFO  AspectLogger:27 - getAllRoomsForAdmin called...
2022-12-08 14:34:55 INFO  AspectLogger:35 - getAllByRoomBookingDateLessThan called...
2022-12-08 14:38:03 INFO  AspectLogger:19 - getUsers called...
2022-12-08 14:38:29 INFO  AspectLogger:19 - registerUser called...
2022-12-08 14:38:37 INFO  AspectLogger:19 - loginUser called...
2022-12-08 14:38:37 INFO  AspectLogger:19 - getUsers called...
2022-12-08 14:38:37 INFO  AspectLogger:19 - isAuthorized called...
2022-12-08 14:38:37 INFO  AspectLogger:19 - getUser called...
2022-12-08 14:38:37 INFO  AspectLogger:27 - getAllRoomsForUser called...
2022-12-08 14:38:37 INFO  AspectLogger:19 - getUser called...
2022-12-08 14:38:37 INFO  AspectLogger:35 - getAllByUserId called...
2022-12-08 14:39:25 INFO  AspectLogger:19 - getUsers called...
2022-12-08 14:39:25 INFO  AspectLogger:19 - isAuthorized called...
2022-12-08 14:39:25 INFO  AspectLogger:19 - getUser called...
2022-12-08 14:39:25 INFO  AspectLogger:27 - getAllRoomsForAdmin called...
2022-12-08 14:39:25 INFO  AspectLogger:35 - getAllByRoomBookingDateLessThan called...
2022-12-08 14:39:28 INFO  AspectLogger:19 - getUsers called...
2022-12-08 14:39:30 INFO  AspectLogger:19 - loginUser called...
2022-12-08 14:39:31 INFO  AspectLogger:19 - getUsers called...
2022-12-08 14:39:31 INFO  AspectLogger:19 - isAuthorized called...
2022-12-08 14:39:31 INFO  AspectLogger:19 - getUser called...
2022-12-08 14:39:31 INFO  AspectLogger:27 - getAllRoomsForAdmin called...
2022-12-08 14:39:31 INFO  AspectLogger:35 - getAllByRoomBookingDateLessThan called...
2022-12-08 14:39:35 INFO  AspectLogger:19 - getUsers called...
2022-12-08 14:39:46 INFO  AspectLogger:19 - loginUser called...
2022-12-08 14:39:46 INFO  AspectLogger:19 - getUsers called...
2022-12-08 14:39:46 INFO  AspectLogger:19 - isAuthorized called...
2022-12-08 14:39:46 INFO  AspectLogger:19 - getUser called...
2022-12-08 14:39:46 INFO  AspectLogger:27 - getAllRoomsForUser called...
2022-12-08 14:39:46 INFO  AspectLogger:19 - getUser called...
2022-12-08 14:39:46 INFO  AspectLogger:35 - getAllByUserId called...
2022-12-08 14:39:49 INFO  AspectLogger:19 - getUsers called...
2022-12-08 14:44:14 INFO  AspectLogger:19 - getUsers called...
2022-12-08 14:44:20 INFO  AspectLogger:19 - loginUser called...
2022-12-08 14:44:20 INFO  AspectLogger:19 - getUsers called...
2022-12-08 14:44:20 INFO  AspectLogger:19 - isAuthorized called...
2022-12-08 14:44:20 INFO  AspectLogger:19 - getUser called...
2022-12-08 14:44:20 INFO  AspectLogger:27 - getAllRoomsForUser called...
2022-12-08 14:44:20 INFO  AspectLogger:19 - getUser called...
2022-12-08 14:44:21 INFO  AspectLogger:35 - getAllByUserId called...
2022-12-08 14:44:35 INFO  AspectLogger:19 - getUsers called...
2022-12-08 14:44:47 INFO  AspectLogger:19 - loginUser called...
2022-12-08 14:44:48 INFO  AspectLogger:19 - getUsers called...
2022-12-08 14:44:48 INFO  AspectLogger:19 - isAuthorized called...
2022-12-08 14:44:48 INFO  AspectLogger:19 - getUser called...
2022-12-08 14:44:48 INFO  AspectLogger:27 - getAllRoomsForAdmin called...
2022-12-08 14:44:48 INFO  AspectLogger:35 - getAllByRoomBookingDateLessThan called...
2022-12-08 14:45:05 INFO  AspectLogger:19 - getUsers called...
2022-12-08 14:45:05 INFO  AspectLogger:19 - isAuthorized called...
2022-12-08 14:45:05 INFO  AspectLogger:19 - getUser called...
2022-12-08 14:45:05 INFO  AspectLogger:27 - getAllRoomsForAdmin called...
2022-12-08 14:45:05 INFO  AspectLogger:35 - getAllByRoomBookingDateLessThan called...
2022-12-08 14:45:55 INFO  AspectLogger:19 - getUsers called...
2022-12-08 14:45:55 INFO  AspectLogger:19 - isAuthorized called...
2022-12-08 14:45:55 INFO  AspectLogger:19 - getUser called...
2022-12-08 14:45:55 INFO  AspectLogger:27 - getAllRoomsForAdmin called...
2022-12-08 14:45:55 INFO  AspectLogger:35 - getAllByRoomBookingDateLessThan called...
2022-12-08 14:45:57 INFO  AspectLogger:19 - getUsers called...
2022-12-08 14:45:58 INFO  AspectLogger:19 - isAuthorized called...
2022-12-08 14:45:58 INFO  AspectLogger:19 - getUser called...
2022-12-08 14:45:58 INFO  AspectLogger:27 - getAllRoomsForAdmin called...
2022-12-08 14:45:58 INFO  AspectLogger:35 - getAllByRoomBookingDateLessThan called...
2022-12-08 14:46:14 INFO  AspectLogger:19 - getUsers called...
2022-12-08 14:46:14 INFO  AspectLogger:19 - isAuthorized called...
2022-12-08 14:46:14 INFO  AspectLogger:19 - getUser called...
2022-12-08 14:46:15 INFO  AspectLogger:27 - getAllRoomsForAdmin called...
2022-12-08 14:46:15 INFO  AspectLogger:35 - getAllByRoomBookingDateLessThan called...
2022-12-08 14:46:18 INFO  AspectLogger:19 - getUsers called...
2022-12-08 14:46:18 INFO  AspectLogger:19 - isAuthorized called...
2022-12-08 14:46:18 INFO  AspectLogger:19 - getUser called...
2022-12-08 14:46:18 INFO  AspectLogger:27 - getAllRoomsForAdmin called...
2022-12-08 14:46:18 INFO  AspectLogger:35 - getAllByRoomBookingDateLessThan called...
2022-12-08 14:46:21 INFO  AspectLogger:19 - getUsers called...
2022-12-08 14:46:21 INFO  AspectLogger:19 - isAuthorized called...
2022-12-08 14:46:21 INFO  AspectLogger:19 - getUser called...
2022-12-08 14:46:21 INFO  AspectLogger:27 - getAllRoomsForAdmin called...
2022-12-08 14:46:21 INFO  AspectLogger:35 - getAllByRoomBookingDateLessThan called...
2022-12-08 14:46:38 INFO  AspectLogger:19 - getUsers called...
2022-12-08 14:46:55 INFO  AspectLogger:19 - loginUser called...
2022-12-08 14:46:55 INFO  AspectLogger:19 - getUsers called...
2022-12-08 14:46:55 INFO  AspectLogger:19 - isAuthorized called...
2022-12-08 14:46:55 INFO  AspectLogger:19 - getUser called...
2022-12-08 14:46:55 INFO  AspectLogger:27 - getAllRoomsForAdmin called...
2022-12-08 14:46:55 INFO  AspectLogger:35 - getAllByRoomBookingDateLessThan called...
2022-12-08 14:47:42 INFO  AspectLogger:19 - getUsers called...
2022-12-08 14:47:42 INFO  AspectLogger:19 - isAuthorized called...
2022-12-08 14:47:42 INFO  AspectLogger:19 - getUser called...
2022-12-08 14:47:42 INFO  AspectLogger:27 - getAllRoomsForAdmin called...
2022-12-08 14:47:43 INFO  AspectLogger:35 - getAllByRoomBookingDateLessThan called...
2022-12-08 14:48:38 INFO  AspectLogger:19 - getUsers called...
2022-12-08 14:48:38 INFO  AspectLogger:19 - isAuthorized called...
2022-12-08 14:48:38 INFO  AspectLogger:19 - getUser called...
2022-12-08 14:48:38 INFO  AspectLogger:27 - getAllRoomsForAdmin called...
2022-12-08 14:48:38 INFO  AspectLogger:35 - getAllByRoomBookingDateLessThan called...
2022-12-08 14:55:01 INFO  AspectLogger:19 - getUsers called...
2022-12-08 14:55:01 INFO  AspectLogger:19 - isAuthorized called...
2022-12-08 14:55:01 INFO  AspectLogger:19 - getUser called...
2022-12-08 14:55:01 INFO  AspectLogger:27 - getAllRoomsForAdmin called...
2022-12-08 14:55:01 INFO  AspectLogger:35 - getAllByRoomBookingDateLessThan called...
2022-12-08 14:55:03 INFO  AspectLogger:19 - getUsers called...
2022-12-08 14:55:12 INFO  AspectLogger:19 - loginUser called...
2022-12-08 14:55:12 INFO  AspectLogger:19 - getUsers called...
2022-12-08 14:55:12 INFO  AspectLogger:19 - isAuthorized called...
2022-12-08 14:55:12 INFO  AspectLogger:19 - getUser called...
2022-12-08 14:55:12 INFO  AspectLogger:27 - getAllRoomsForUser called...
2022-12-08 14:55:12 INFO  AspectLogger:19 - getUser called...
2022-12-08 14:55:12 INFO  AspectLogger:35 - getAllByUserId called...
2022-12-08 14:55:30 INFO  AspectLogger:19 - getUser called...
2022-12-08 14:55:30 INFO  AspectLogger:27 - userGetRoomByName called...
2022-12-08 14:55:37 INFO  AspectLogger:19 - getUser called...
2022-12-08 14:55:37 INFO  AspectLogger:35 - isUserBookingExistByUserId called...
2022-12-08 14:55:37 INFO  AspectLogger:19 - isAuthorized called...
2022-12-08 14:55:44 INFO  AspectLogger:19 - getUser called...
2022-12-08 14:55:44 INFO  AspectLogger:35 - isUserBookingExistByUserId called...
2022-12-08 14:55:45 INFO  AspectLogger:19 - isAuthorized called...
2022-12-08 14:55:46 INFO  AspectLogger:19 - getUser called...
2022-12-08 14:55:46 INFO  AspectLogger:27 - userGetRoomByName called...
2022-12-08 14:55:51 INFO  AspectLogger:27 - deleteRoomByNameU called...
2022-12-08 14:55:51 INFO  AspectLogger:19 - getUser called...
2022-12-08 14:55:51 INFO  AspectLogger:35 - getAllByUserId called...
2022-12-08 14:55:54 INFO  AspectLogger:19 - getUsers called...
2022-12-08 14:56:02 INFO  AspectLogger:19 - loginUser called...
2022-12-08 14:56:02 INFO  AspectLogger:19 - getUsers called...
2022-12-08 14:56:02 INFO  AspectLogger:19 - isAuthorized called...
2022-12-08 14:56:02 INFO  AspectLogger:19 - getUser called...
2022-12-08 14:56:02 INFO  AspectLogger:27 - getAllRoomsForUser called...
2022-12-08 14:56:02 INFO  AspectLogger:19 - getUser called...
2022-12-08 14:56:02 INFO  AspectLogger:35 - getAllByUserId called...
2022-12-08 14:56:09 INFO  AspectLogger:19 - getUser called...
2022-12-08 14:56:09 INFO  AspectLogger:27 - userGetRoomByName called...
2022-12-08 14:56:17 INFO  AspectLogger:19 - getUser called...
2022-12-08 14:56:17 INFO  AspectLogger:35 - isUserBookingExistByUserId called...
2022-12-08 14:56:17 INFO  AspectLogger:19 - isAuthorized called...
2022-12-08 14:56:23 INFO  AspectLogger:19 - getUser called...
2022-12-08 14:56:23 INFO  AspectLogger:35 - isUserBookingExistByUserId called...
2022-12-08 14:56:23 INFO  AspectLogger:19 - isAuthorized called...
2022-12-08 14:56:25 INFO  AspectLogger:19 - getUser called...
2022-12-08 14:56:25 INFO  AspectLogger:35 - isUserBookingExistByUserId called...
2022-12-08 14:56:25 INFO  AspectLogger:19 - isAuthorized called...
2022-12-08 14:56:30 INFO  AspectLogger:27 - deleteRoomByNameU called...
2022-12-08 14:56:30 INFO  AspectLogger:19 - getUser called...
2022-12-08 14:56:30 INFO  AspectLogger:35 - getAllByUserId called...
2022-12-08 14:56:32 INFO  AspectLogger:19 - getUser called...
2022-12-08 14:56:32 INFO  AspectLogger:27 - userGetRoomByName called...
2022-12-08 14:56:38 INFO  AspectLogger:19 - getUser called...
2022-12-08 14:56:38 INFO  AspectLogger:35 - isUserBookingExistByUserId called...
2022-12-08 14:56:38 INFO  AspectLogger:19 - isAuthorized called...
2022-12-08 14:56:38 INFO  AspectLogger:35 - createUserBooking called...
2022-12-08 14:56:38 INFO  AspectLogger:19 - getUser called...
2022-12-08 14:56:38 INFO  AspectLogger:35 - getAllByUserId called...
2022-12-08 14:56:55 INFO  AspectLogger:19 - getUsers called...
2022-12-08 14:57:03 INFO  AspectLogger:19 - loginUser called...
2022-12-08 14:57:03 INFO  AspectLogger:19 - getUsers called...
2022-12-08 14:57:03 INFO  AspectLogger:19 - isAuthorized called...
2022-12-08 14:57:03 INFO  AspectLogger:19 - getUser called...
2022-12-08 14:57:03 INFO  AspectLogger:27 - getAllRoomsForAdmin called...
2022-12-08 14:57:03 INFO  AspectLogger:35 - getAllByRoomBookingDateLessThan called...
2022-12-08 14:57:39 INFO  AspectLogger:27 - isRoomExistByName called...
2022-12-08 14:57:39 INFO  AspectLogger:19 - isAuthorized called...
2022-12-08 14:57:39 INFO  AspectLogger:27 - createScooter called...
2022-12-08 14:57:40 INFO  AspectLogger:27 - getAllRoomsForAdmin called...
2022-12-08 14:58:06 INFO  AspectLogger:27 - isRoomExistByName called...
2022-12-08 14:58:06 INFO  AspectLogger:19 - isAuthorized called...
2022-12-08 14:58:06 INFO  AspectLogger:27 - createScooter called...
2022-12-08 14:58:06 INFO  AspectLogger:27 - getAllRoomsForAdmin called...
2022-12-08 14:58:10 INFO  AspectLogger:19 - getUsers called...
2022-12-08 14:58:18 INFO  AspectLogger:19 - loginUser called...
2022-12-08 14:58:18 INFO  AspectLogger:19 - getUsers called...
2022-12-08 14:58:18 INFO  AspectLogger:19 - isAuthorized called...
2022-12-08 14:58:18 INFO  AspectLogger:19 - getUser called...
2022-12-08 14:58:18 INFO  AspectLogger:27 - getAllRoomsForUser called...
2022-12-08 14:58:18 INFO  AspectLogger:19 - getUser called...
2022-12-08 14:58:18 INFO  AspectLogger:35 - getAllByUserId called...
2022-12-08 14:58:22 INFO  AspectLogger:19 - getUser called...
2022-12-08 14:58:22 INFO  AspectLogger:27 - userGetRoomByName called...
2022-12-08 14:58:30 INFO  AspectLogger:19 - getUser called...
2022-12-08 14:58:30 INFO  AspectLogger:35 - isUserBookingExistByUserId called...
2022-12-08 14:58:30 INFO  AspectLogger:19 - isAuthorized called...
2022-12-08 14:58:30 INFO  AspectLogger:35 - createUserBooking called...
2022-12-08 14:58:30 INFO  AspectLogger:19 - getUser called...
2022-12-08 14:58:30 INFO  AspectLogger:35 - getAllByUserId called...
2022-12-08 14:58:35 INFO  AspectLogger:19 - getUsers called...
2022-12-08 14:58:43 INFO  AspectLogger:19 - loginUser called...
2022-12-08 14:58:43 INFO  AspectLogger:19 - getUsers called...
2022-12-08 14:58:43 INFO  AspectLogger:19 - isAuthorized called...
2022-12-08 14:58:43 INFO  AspectLogger:19 - getUser called...
2022-12-08 14:58:43 INFO  AspectLogger:27 - getAllRoomsForAdmin called...
2022-12-08 14:58:43 INFO  AspectLogger:35 - getAllByRoomBookingDateLessThan called...
2022-12-08 14:59:17 INFO  AspectLogger:19 - getUsers called...
2022-12-08 14:59:49 INFO  AspectLogger:19 - loginUser called...
2022-12-08 14:59:50 INFO  AspectLogger:19 - getUsers called...
2022-12-08 14:59:50 INFO  AspectLogger:19 - isAuthorized called...
2022-12-08 14:59:50 INFO  AspectLogger:19 - getUser called...
2022-12-08 14:59:50 INFO  AspectLogger:27 - getAllRoomsForUser called...
2022-12-08 14:59:50 INFO  AspectLogger:19 - getUser called...
2022-12-08 14:59:50 INFO  AspectLogger:35 - getAllByUserId called...
2022-12-08 14:59:53 INFO  AspectLogger:27 - deleteRoomByNameU called...
2022-12-08 14:59:53 INFO  AspectLogger:19 - getUser called...
2022-12-08 14:59:53 INFO  AspectLogger:35 - getAllByUserId called...
2022-12-08 14:59:55 INFO  AspectLogger:19 - getUser called...
2022-12-08 14:59:55 INFO  AspectLogger:27 - userGetRoomByName called...
2022-12-08 15:00:02 INFO  AspectLogger:19 - getUser called...
2022-12-08 15:00:02 INFO  AspectLogger:35 - isUserBookingExistByUserId called...
2022-12-08 15:00:02 INFO  AspectLogger:19 - isAuthorized called...
2022-12-08 15:00:02 INFO  AspectLogger:35 - createUserBooking called...
2022-12-08 15:00:02 INFO  AspectLogger:19 - getUser called...
2022-12-08 15:00:02 INFO  AspectLogger:35 - getAllByUserId called...
2022-12-08 15:00:14 INFO  AspectLogger:19 - getUsers called...
2022-12-08 15:00:22 INFO  AspectLogger:19 - loginUser called...
2022-12-08 15:00:22 INFO  AspectLogger:19 - getUsers called...
2022-12-08 15:00:22 INFO  AspectLogger:19 - isAuthorized called...
2022-12-08 15:00:22 INFO  AspectLogger:19 - getUser called...
2022-12-08 15:00:22 INFO  AspectLogger:27 - getAllRoomsForAdmin called...
2022-12-08 15:00:22 INFO  AspectLogger:35 - getAllByRoomBookingDateLessThan called...
2022-12-08 15:01:02 INFO  AspectLogger:35 - setUserBookingFormById called...
2022-12-08 15:01:02 INFO  AspectLogger:35 - getAllByRoomBookingDateLessThan called...
2022-12-08 15:01:04 INFO  AspectLogger:19 - getUsers called...
2022-12-08 15:01:13 INFO  AspectLogger:19 - loginUser called...
2022-12-08 15:01:13 INFO  AspectLogger:19 - getUsers called...
2022-12-08 15:01:13 INFO  AspectLogger:19 - isAuthorized called...
2022-12-08 15:01:13 INFO  AspectLogger:19 - getUser called...
2022-12-08 15:01:13 INFO  AspectLogger:27 - getAllRoomsForUser called...
2022-12-08 15:01:13 INFO  AspectLogger:19 - getUser called...
2022-12-08 15:01:13 INFO  AspectLogger:35 - getAllByUserId called...
2022-12-08 15:01:27 INFO  AspectLogger:27 - deleteRoomByNameU called...
2022-12-08 15:01:27 INFO  AspectLogger:19 - getUser called...
2022-12-08 15:01:27 INFO  AspectLogger:35 - getAllByUserId called...
2022-12-08 15:04:49 INFO  AspectLogger:19 - getUsers called...
2022-12-08 15:05:04 INFO  AspectLogger:19 - loginUser called...
2022-12-08 15:05:11 INFO  AspectLogger:19 - loginUser called...
2022-12-08 15:05:12 INFO  AspectLogger:19 - loginUser called...
2022-12-08 15:05:13 INFO  AspectLogger:19 - loginUser called...
2022-12-08 15:05:13 INFO  AspectLogger:19 - loginUser called...
2022-12-08 15:15:23 INFO  AspectLogger:19 - loginUser called...
2022-12-08 15:15:44 INFO  AspectLogger:19 - registerUser called...
2022-12-08 15:15:57 INFO  AspectLogger:19 - loginUser called...
2022-12-08 15:15:57 INFO  AspectLogger:19 - getUsers called...
2022-12-08 15:15:57 INFO  AspectLogger:19 - isAuthorized called...
2022-12-08 15:15:57 INFO  AspectLogger:19 - getUser called...
2022-12-08 15:15:57 INFO  AspectLogger:27 - getAllRoomsForUser called...
2022-12-08 15:15:57 INFO  AspectLogger:19 - getUser called...
2022-12-08 15:15:57 INFO  AspectLogger:35 - getAllByUserId called...
2022-12-08 15:16:28 INFO  AspectLogger:19 - loginUser called...
2022-12-08 15:16:28 INFO  AspectLogger:19 - getUsers called...
2022-12-08 15:16:28 INFO  AspectLogger:19 - isAuthorized called...
2022-12-08 15:16:28 INFO  AspectLogger:19 - getUser called...
2022-12-08 15:16:28 INFO  AspectLogger:27 - getAllRoomsForAdmin called...
2022-12-08 15:16:28 INFO  AspectLogger:35 - getAllByRoomBookingDateLessThan called...
2022-12-08 15:17:03 INFO  AspectLogger:27 - isRoomExistByName called...
2022-12-08 15:17:03 INFO  AspectLogger:19 - isAuthorized called...
2022-12-08 15:17:03 INFO  AspectLogger:27 - createScooter called...
2022-12-08 15:17:03 INFO  AspectLogger:27 - getAllRoomsForAdmin called...
2022-12-08 15:17:15 INFO  AspectLogger:27 - isRoomExistByName called...
2022-12-08 15:17:15 INFO  AspectLogger:19 - isAuthorized called...
2022-12-08 15:17:15 INFO  AspectLogger:27 - createScooter called...
2022-12-08 15:17:15 INFO  AspectLogger:27 - getAllRoomsForAdmin called...
2022-12-08 15:17:26 INFO  AspectLogger:27 - isRoomExistByName called...
2022-12-08 15:17:26 INFO  AspectLogger:19 - isAuthorized called...
2022-12-08 15:17:27 INFO  AspectLogger:27 - createScooter called...
2022-12-08 15:17:27 INFO  AspectLogger:27 - getAllRoomsForAdmin called...
2022-12-08 15:22:07 INFO  AspectLogger:27 - isRoomExistByName called...
2022-12-08 15:22:07 INFO  AspectLogger:19 - isAuthorized called...
2022-12-08 15:22:07 INFO  AspectLogger:27 - createScooter called...
2022-12-08 15:22:07 INFO  AspectLogger:27 - getAllRoomsForAdmin called...
2022-12-08 15:22:19 INFO  AspectLogger:27 - isRoomExistByName called...
2022-12-08 15:22:19 INFO  AspectLogger:19 - isAuthorized called...
2022-12-08 15:22:19 INFO  AspectLogger:27 - createScooter called...
2022-12-08 15:22:19 INFO  AspectLogger:27 - getAllRoomsForAdmin called...
2022-12-08 15:22:32 INFO  AspectLogger:27 - isRoomExistByName called...
2022-12-08 15:22:32 INFO  AspectLogger:19 - isAuthorized called...
2022-12-08 15:22:32 INFO  AspectLogger:27 - createScooter called...
2022-12-08 15:22:32 INFO  AspectLogger:27 - getAllRoomsForAdmin called...
2022-12-08 15:22:44 INFO  AspectLogger:27 - isRoomExistByName called...
2022-12-08 15:22:44 INFO  AspectLogger:19 - isAuthorized called...
2022-12-08 15:22:44 INFO  AspectLogger:27 - createScooter called...
2022-12-08 15:22:44 INFO  AspectLogger:27 - getAllRoomsForAdmin called...
2022-12-08 15:22:58 INFO  AspectLogger:27 - isRoomExistByName called...
2022-12-08 15:22:58 INFO  AspectLogger:19 - isAuthorized called...
2022-12-08 15:22:58 INFO  AspectLogger:27 - createScooter called...
2022-12-08 15:22:58 INFO  AspectLogger:27 - getAllRoomsForAdmin called...
2022-12-08 15:23:09 INFO  AspectLogger:27 - isRoomExistByName called...
2022-12-08 15:23:09 INFO  AspectLogger:19 - isAuthorized called...
2022-12-08 15:23:09 INFO  AspectLogger:27 - createScooter called...
2022-12-08 15:23:09 INFO  AspectLogger:27 - getAllRoomsForAdmin called...
2022-12-08 15:23:21 INFO  AspectLogger:27 - isRoomExistByName called...
2022-12-08 15:23:21 INFO  AspectLogger:19 - isAuthorized called...
2022-12-08 15:23:21 INFO  AspectLogger:27 - createScooter called...
2022-12-08 15:23:21 INFO  AspectLogger:27 - getAllRoomsForAdmin called...
2022-12-08 15:23:36 INFO  AspectLogger:27 - isRoomExistByName called...
2022-12-08 15:23:36 INFO  AspectLogger:19 - isAuthorized called...
2022-12-08 15:23:36 INFO  AspectLogger:27 - createScooter called...
2022-12-08 15:23:36 INFO  AspectLogger:27 - getAllRoomsForAdmin called...
2022-12-08 15:23:38 INFO  AspectLogger:27 - adminGetRoomByName called...
2022-12-08 15:23:42 INFO  AspectLogger:27 - isRoomExistByName called...
2022-12-08 15:23:42 INFO  AspectLogger:19 - isAuthorized called...
2022-12-08 15:23:44 INFO  AspectLogger:27 - isRoomExistByName called...
2022-12-08 15:23:44 INFO  AspectLogger:19 - isAuthorized called...
2022-12-08 15:23:44 INFO  AspectLogger:27 - adminGetRoomByName called...
2022-12-08 15:23:44 INFO  AspectLogger:27 - updateRoom called...
2022-12-08 15:23:44 INFO  AspectLogger:27 - getAllRoomsForAdmin called...
2022-12-08 15:23:48 INFO  AspectLogger:19 - getUsers called...
2022-12-08 15:23:48 INFO  AspectLogger:19 - getUsers called...
2022-12-08 15:23:48 INFO  AspectLogger:19 - getUsers called...
2022-12-08 15:23:49 INFO  AspectLogger:19 - getUsers called...
2022-12-08 15:23:49 INFO  AspectLogger:19 - getUsers called...
2022-12-08 15:23:50 INFO  AspectLogger:19 - getUsers called...
2022-12-08 15:23:50 INFO  AspectLogger:19 - getUsers called...
2022-12-08 15:23:53 INFO  AspectLogger:19 - getUsers called...
2022-12-08 15:23:57 INFO  AspectLogger:19 - loginUser called...
2022-12-08 15:23:57 INFO  AspectLogger:19 - getUsers called...
2022-12-08 15:23:57 INFO  AspectLogger:19 - isAuthorized called...
2022-12-08 15:23:57 INFO  AspectLogger:19 - getUser called...
2022-12-08 15:23:57 INFO  AspectLogger:27 - getAllRoomsForAdmin called...
2022-12-08 15:23:57 INFO  AspectLogger:35 - getAllByRoomBookingDateLessThan called...
2022-12-08 15:23:59 INFO  AspectLogger:27 - adminGetRoomByName called...
2022-12-08 15:24:06 INFO  AspectLogger:27 - adminGetRoomByName called...
2022-12-08 15:24:10 INFO  AspectLogger:27 - isRoomExistByName called...
2022-12-08 15:24:10 INFO  AspectLogger:19 - isAuthorized called...
2022-12-08 15:24:10 INFO  AspectLogger:27 - adminGetRoomByName called...
2022-12-08 15:24:10 INFO  AspectLogger:35 - isUserBookingExistByRoomId called...
2022-12-08 15:24:10 INFO  AspectLogger:27 - deleteRoomByNameA called...
2022-12-08 15:24:10 INFO  AspectLogger:27 - getAllRoomsForAdmin called...
2022-12-08 15:24:18 INFO  AspectLogger:19 - getUsers called...
2022-12-08 15:24:27 INFO  AspectLogger:19 - loginUser called...
2022-12-08 15:24:31 INFO  AspectLogger:19 - loginUser called...
2022-12-08 15:24:31 INFO  AspectLogger:19 - getUsers called...
2022-12-08 15:24:31 INFO  AspectLogger:19 - isAuthorized called...
2022-12-08 15:24:31 INFO  AspectLogger:19 - getUser called...
2022-12-08 15:24:31 INFO  AspectLogger:27 - getAllRoomsForUser called...
2022-12-08 15:24:31 INFO  AspectLogger:19 - getUser called...
2022-12-08 15:24:31 INFO  AspectLogger:35 - getAllByUserId called...
2022-12-08 15:25:07 INFO  AspectLogger:19 - getUser called...
2022-12-08 15:25:07 INFO  AspectLogger:27 - userGetRoomByName called...
2022-12-08 15:25:16 INFO  AspectLogger:27 - getAllRoomsForUser called...
2022-12-08 15:25:19 INFO  AspectLogger:27 - getAllRoomsForUser called...
2022-12-08 15:25:20 INFO  AspectLogger:19 - getUser called...
2022-12-08 15:25:20 INFO  AspectLogger:27 - userGetRoomByName called...
2022-12-08 15:25:26 INFO  AspectLogger:19 - getUser called...
2022-12-08 15:25:26 INFO  AspectLogger:35 - isUserBookingExistByUserId called...
2022-12-08 15:25:26 INFO  AspectLogger:19 - isAuthorized called...
2022-12-08 15:25:26 INFO  AspectLogger:35 - createUserBooking called...
2022-12-08 15:25:26 INFO  AspectLogger:19 - getUser called...
2022-12-08 15:25:26 INFO  AspectLogger:35 - getAllByUserId called...
2022-12-08 15:25:38 INFO  AspectLogger:27 - getAllRoomsForUser called...
2022-12-08 15:25:39 INFO  AspectLogger:19 - getUser called...
2022-12-08 15:25:39 INFO  AspectLogger:27 - userGetRoomByName called...
2022-12-08 15:25:46 INFO  AspectLogger:19 - getUser called...
2022-12-08 15:25:46 INFO  AspectLogger:35 - isUserBookingExistByUserId called...
2022-12-08 15:25:46 INFO  AspectLogger:19 - isAuthorized called...
2022-12-08 15:25:57 INFO  AspectLogger:19 - getUsers called...
2022-12-08 15:26:05 INFO  AspectLogger:19 - loginUser called...
2022-12-08 15:26:05 INFO  AspectLogger:19 - getUsers called...
2022-12-08 15:26:05 INFO  AspectLogger:19 - isAuthorized called...
2022-12-08 15:26:05 INFO  AspectLogger:19 - getUser called...
2022-12-08 15:26:05 INFO  AspectLogger:27 - getAllRoomsForUser called...
2022-12-08 15:26:05 INFO  AspectLogger:19 - getUser called...
2022-12-08 15:26:05 INFO  AspectLogger:35 - getAllByUserId called...
2022-12-08 15:26:07 INFO  AspectLogger:19 - getUser called...
2022-12-08 15:26:07 INFO  AspectLogger:27 - userGetRoomByName called...
2022-12-08 15:26:14 INFO  AspectLogger:19 - getUser called...
2022-12-08 15:26:14 INFO  AspectLogger:35 - isUserBookingExistByUserId called...
2022-12-08 15:26:14 INFO  AspectLogger:19 - isAuthorized called...
2022-12-08 15:26:14 INFO  AspectLogger:35 - createUserBooking called...
2022-12-08 15:26:14 INFO  AspectLogger:19 - getUser called...
2022-12-08 15:26:14 INFO  AspectLogger:35 - getAllByUserId called...
2022-12-08 15:26:18 INFO  AspectLogger:19 - getUsers called...
2022-12-08 15:26:25 INFO  AspectLogger:19 - loginUser called...
2022-12-08 15:26:25 INFO  AspectLogger:19 - getUsers called...
2022-12-08 15:26:25 INFO  AspectLogger:19 - isAuthorized called...
2022-12-08 15:26:25 INFO  AspectLogger:19 - getUser called...
2022-12-08 15:26:25 INFO  AspectLogger:27 - getAllRoomsForUser called...
2022-12-08 15:26:25 INFO  AspectLogger:19 - getUser called...
2022-12-08 15:26:25 INFO  AspectLogger:35 - getAllByUserId called...
2022-12-08 15:26:29 INFO  AspectLogger:19 - getUser called...
2022-12-08 15:26:29 INFO  AspectLogger:27 - userGetRoomByName called...
2022-12-08 15:26:36 INFO  AspectLogger:19 - getUser called...
2022-12-08 15:26:36 INFO  AspectLogger:35 - isUserBookingExistByUserId called...
2022-12-08 15:26:36 INFO  AspectLogger:19 - isAuthorized called...
2022-12-08 15:26:36 INFO  AspectLogger:35 - createUserBooking called...
2022-12-08 15:26:36 INFO  AspectLogger:19 - getUser called...
2022-12-08 15:26:36 INFO  AspectLogger:35 - getAllByUserId called...
2022-12-08 15:26:44 INFO  AspectLogger:19 - getUsers called...
2022-12-08 15:26:52 INFO  AspectLogger:19 - loginUser called...
2022-12-08 15:26:52 INFO  AspectLogger:19 - getUsers called...
2022-12-08 15:26:52 INFO  AspectLogger:19 - isAuthorized called...
2022-12-08 15:26:52 INFO  AspectLogger:19 - getUser called...
2022-12-08 15:26:52 INFO  AspectLogger:27 - getAllRoomsForAdmin called...
2022-12-08 15:26:52 INFO  AspectLogger:35 - getAllByRoomBookingDateLessThan called...
2022-12-08 15:27:08 INFO  AspectLogger:35 - setUserBookingFormById called...
2022-12-08 15:27:08 INFO  AspectLogger:35 - getAllByRoomBookingDateLessThan called...
2022-12-08 15:27:16 INFO  AspectLogger:19 - getUsers called...
2022-12-08 15:27:23 INFO  AspectLogger:19 - loginUser called...
2022-12-08 15:27:23 INFO  AspectLogger:19 - getUsers called...
2022-12-08 15:27:23 INFO  AspectLogger:19 - isAuthorized called...
2022-12-08 15:27:23 INFO  AspectLogger:19 - getUser called...
2022-12-08 15:27:23 INFO  AspectLogger:27 - getAllRoomsForUser called...
2022-12-08 15:27:23 INFO  AspectLogger:19 - getUser called...
2022-12-08 15:27:23 INFO  AspectLogger:35 - getAllByUserId called...
2022-12-08 15:27:30 INFO  AspectLogger:27 - deleteRoomByNameU called...
2022-12-08 15:27:30 INFO  AspectLogger:19 - getUser called...
2022-12-08 15:27:30 INFO  AspectLogger:35 - getAllByUserId called...
2022-12-08 15:27:42 INFO  AspectLogger:27 - getAllRoomsForUser called...
2022-12-08 15:27:44 INFO  AspectLogger:19 - getUser called...
2022-12-08 15:27:44 INFO  AspectLogger:27 - userGetRoomByName called...
2022-12-08 15:27:51 INFO  AspectLogger:19 - getUser called...
2022-12-08 15:27:51 INFO  AspectLogger:35 - isUserBookingExistByUserId called...
2022-12-08 15:28:00 INFO  AspectLogger:19 - getUser called...
2022-12-08 15:28:00 INFO  AspectLogger:35 - isUserBookingExistByUserId called...
2022-12-08 15:28:00 INFO  AspectLogger:19 - isAuthorized called...
2022-12-08 15:28:00 INFO  AspectLogger:35 - createUserBooking called...
2022-12-08 15:28:00 INFO  AspectLogger:19 - getUser called...
2022-12-08 15:28:00 INFO  AspectLogger:35 - getAllByUserId called...
2022-12-08 15:28:09 INFO  AspectLogger:19 - getUsers called...
2022-12-08 15:28:12 INFO  AspectLogger:19 - loginUser called...
2022-12-08 15:28:12 INFO  AspectLogger:19 - getUsers called...
2022-12-08 15:28:12 INFO  AspectLogger:19 - isAuthorized called...
2022-12-08 15:28:12 INFO  AspectLogger:19 - getUser called...
2022-12-08 15:28:12 INFO  AspectLogger:27 - getAllRoomsForAdmin called...
2022-12-08 15:28:12 INFO  AspectLogger:35 - getAllByRoomBookingDateLessThan called...
2022-12-08 15:28:14 INFO  AspectLogger:35 - setUserBookingFormById called...
2022-12-08 15:28:14 INFO  AspectLogger:35 - getAllByRoomBookingDateLessThan called...
2022-12-08 15:28:14 INFO  AspectLogger:35 - setUserBookingFormById called...
2022-12-08 15:28:14 INFO  AspectLogger:35 - getAllByRoomBookingDateLessThan called...
2022-12-08 15:28:16 INFO  AspectLogger:35 - setUserBookingFormById called...
2022-12-08 15:28:16 INFO  AspectLogger:35 - getAllByRoomBookingDateLessThan called...
2022-12-08 15:28:17 INFO  AspectLogger:19 - getUsers called...
2022-12-08 15:28:27 INFO  AspectLogger:19 - loginUser called...
2022-12-08 15:28:27 INFO  AspectLogger:19 - getUsers called...
2022-12-08 15:28:27 INFO  AspectLogger:19 - isAuthorized called...
2022-12-08 15:28:27 INFO  AspectLogger:19 - getUser called...
2022-12-08 15:28:27 INFO  AspectLogger:27 - getAllRoomsForUser called...
2022-12-08 15:28:27 INFO  AspectLogger:19 - getUser called...
2022-12-08 15:28:27 INFO  AspectLogger:35 - getAllByUserId called...
2022-12-08 15:28:37 INFO  AspectLogger:27 - deleteRoomByNameU called...
2022-12-08 15:28:37 INFO  AspectLogger:19 - getUser called...
2022-12-08 15:28:37 INFO  AspectLogger:35 - getAllByUserId called...
2022-12-08 15:28:39 INFO  AspectLogger:19 - getUsers called...
2022-12-08 15:28:46 INFO  AspectLogger:19 - loginUser called...
2022-12-08 15:28:46 INFO  AspectLogger:19 - getUsers called...
2022-12-08 15:28:46 INFO  AspectLogger:19 - isAuthorized called...
2022-12-08 15:28:46 INFO  AspectLogger:19 - getUser called...
2022-12-08 15:28:46 INFO  AspectLogger:27 - getAllRoomsForUser called...
2022-12-08 15:28:46 INFO  AspectLogger:19 - getUser called...
2022-12-08 15:28:46 INFO  AspectLogger:35 - getAllByUserId called...
2022-12-08 15:28:48 INFO  AspectLogger:27 - deleteRoomByNameU called...
2022-12-08 15:28:48 INFO  AspectLogger:19 - getUser called...
2022-12-08 15:28:48 INFO  AspectLogger:35 - getAllByUserId called...
2022-12-08 15:28:53 INFO  AspectLogger:19 - getUsers called...
2022-12-08 15:29:00 INFO  AspectLogger:19 - loginUser called...
2022-12-08 15:29:00 INFO  AspectLogger:19 - getUsers called...
2022-12-08 15:29:00 INFO  AspectLogger:19 - isAuthorized called...
2022-12-08 15:29:00 INFO  AspectLogger:19 - getUser called...
2022-12-08 15:29:00 INFO  AspectLogger:27 - getAllRoomsForUser called...
2022-12-08 15:29:00 INFO  AspectLogger:19 - getUser called...
2022-12-08 15:29:00 INFO  AspectLogger:35 - getAllByUserId called...
2022-12-08 15:29:02 INFO  AspectLogger:27 - deleteRoomByNameU called...
2022-12-08 15:29:02 INFO  AspectLogger:19 - getUser called...
2022-12-08 15:29:02 INFO  AspectLogger:35 - getAllByUserId called...
2022-12-08 15:29:07 INFO  AspectLogger:19 - getUsers called...
2022-12-08 15:29:10 INFO  AspectLogger:19 - loginUser called...
2022-12-08 15:29:10 INFO  AspectLogger:19 - getUsers called...
2022-12-08 15:29:10 INFO  AspectLogger:19 - isAuthorized called...
2022-12-08 15:29:10 INFO  AspectLogger:19 - getUser called...
2022-12-08 15:29:10 INFO  AspectLogger:27 - getAllRoomsForUser called...
2022-12-08 15:29:10 INFO  AspectLogger:19 - getUser called...
2022-12-08 15:29:10 INFO  AspectLogger:35 - getAllByUserId called...
2022-12-08 15:29:12 INFO  AspectLogger:19 - getUsers called...
2022-12-08 15:29:18 INFO  AspectLogger:19 - loginUser called...
2022-12-08 15:29:18 INFO  AspectLogger:19 - getUsers called...
2022-12-08 15:29:18 INFO  AspectLogger:19 - isAuthorized called...
2022-12-08 15:29:18 INFO  AspectLogger:19 - getUser called...
2022-12-08 15:29:18 INFO  AspectLogger:27 - getAllRoomsForAdmin called...
2022-12-08 15:29:18 INFO  AspectLogger:35 - getAllByRoomBookingDateLessThan called...
